<?xml version="1.0" encoding="UTF-8"?>
<!-- Generated by org.testng.reporters.JUnitXMLReporter -->
<testsuite ignored="0" hostname="LAPTOP-65O6UO6T" failures="0" tests="1" name="Test" time="0.161" errors="0" timestamp="2024-04-16T09:04:38 IST">
  <testcase classname="com.ShopperStackGUtility.BaseTest" name="@BeforeTest bt" time="0.0">
    <failure type="java.lang.Error" message="Unresolved compilation problems: 
	Syntax error, insert &amp;quot;VariableDeclarators&amp;quot; to complete LocalVariableDeclaration
	Syntax error, insert &amp;quot;;&amp;quot; to complete LocalVariableDeclarationStatement
	report cannot be resolved
	report cannot be resolved
	report cannot be resolved
">
      <![CDATA[java.lang.Error: Unresolved compilation problems: 
Syntax error, insert "VariableDeclarators" to complete LocalVariableDeclaration
Syntax error, insert ";" to complete LocalVariableDeclarationStatement
report cannot be resolved
report cannot be resolved
report cannot be resolved

at com.ShopperStackGUtility.BaseTest.bt(BaseTest.java:49)
... Removed 24 stack frames]]>
    </failure>
  </testcase> <!-- @BeforeTest bt -->
  <testcase classname="com.ShopperStackGUtility.BaseTest" name="@BeforeClass bc" time="0.0">
    <skipped/>
  </testcase> <!-- @BeforeClass bc -->
  <testcase classname="com.ShopperStackGUtility.BaseTest" name="@BeforeMethod bm" time="0.0">
    <skipped/>
  </testcase> <!-- @BeforeMethod bm -->
  <testcase classname="com.ShopperStackGUtility.BaseTest" name="@AfterMethod am" time="0.0">
    <skipped/>
  </testcase> <!-- @AfterMethod am -->
  <testcase classname="com.ShopperStackGUtility.BaseTest" name="@AfterClass ac" time="0.0">
    <skipped/>
  </testcase> <!-- @AfterClass ac -->
  <testcase classname="com.ShopperStackGUtility.BaseTest" name="@AfterTest at" time="0.0">
    <skipped/>
  </testcase> <!-- @AfterTest at -->
  <testcase classname="com.ShopperStack.testScript.Verify_user_is_able_add_address" name="addAddress" time="0.0">
    <skipped/>
  </testcase> <!-- addAddress -->
</testsuite> <!-- Test -->
